

*******************************************************************************
Tue Nov 12 21:12:01 2024


FIT:    data read from "tuut" u 2:1
        format = x:z
        #datapoints = 12
        residuals are weighted equally (unit weight)

function used for fitting: f(x)
	f(x)=1/2.*(1+erf((x-m)/s/sqrt(2)))
fitted parameters initialized with current variable values

  33 1.5802583743e-02  -1.81e-01  2.76e-05    1.525480e+00   1.634675e-01

After 33 iterations the fit converged.
final sum of squares of residuals : 0.0158026
rel. change during last iteration : -1.81308e-06

degrees of freedom    (FIT_NDF)                        : 10
rms of residuals      (FIT_STDFIT) = sqrt(WSSR/ndf)    : 0.0397525
variance of residuals (reduced chisquare) = WSSR/ndf   : 0.00158026

Final set of parameters            Asymptotic Standard Error
=======================            ==========================
m               = 1.52548          +/- 0.006172     (0.4046%)
s               = 0.163467         +/- 0.009745     (5.962%)

correlation matrix of the fit parameters:
                m      s      
m               1.000 
s               0.014  1.000 


*******************************************************************************
Tue Nov 26 12:22:57 2024


FIT:    data read from "chebdata" u 1:2:(sqrt(1.01-$1**2))
        format = x:z:s
        x range restricted to [-1.00000 : 1.00000]
        #datapoints = 7
function used for fitting: f(x)
	f(x)=a+b*x+c*(2*x**2-1)+d*(4*x**3-3*x)+e*(8*x**4-8*x**2+1)+g*(16*x**5-20*x**3+5*x)+h*(32*x**6-48*x**4+18*x**2-1)
fitted parameters initialized with current variable values

iter      chisq       delta/lim  lambda   a             b             c             d             e             g             h            
   0 6.4052149729e+03   0.00e+00  5.39e+00    1.000000e+00   1.000000e+00   1.000000e+00   1.000000e+00   1.000000e+00   1.000000e+00   1.000000e+00
  10 4.9795999430e-30   0.00e+00  5.39e+01    4.413822e-01  -1.101626e+00  -5.442263e-02  -4.663263e-01   1.343132e-02   6.583254e-01  -4.907639e-01

After 10 iterations the fit converged.
final sum of squares of residuals : 4.9796e-30
rel. change during last iteration : 0


Exactly as many data points as there are parameters.
In this degenerate case, all errors are zero by definition.

Final set of parameters 
======================= 

a               = 0.441382       
b               = -1.10163       
c               = -0.0544226     
d               = -0.466326      
e               = 0.0134313      
g               = 0.658325       
h               = -0.490764      


*******************************************************************************
Tue Nov 26 12:23:04 2024


FIT:    data read from "chebdata" u 1:2:(sqrt(1.01-$1**2))
        format = x:z:s
        x range restricted to [-1.00000 : 1.00000]
        #datapoints = 7
function used for fitting: f(x)
	f(x)=a+b*x+c*(2*x**2-1)+d*(4*x**3-3*x)+e*(8*x**4-8*x**2+1)+g*(16*x**5-20*x**3+5*x)+h*(32*x**6-48*x**4+18*x**2-1)
fitted parameters initialized with current variable values

iter      chisq       delta/lim  lambda   a             b             c             d             e             g            
   0 4.9677413410e+03   0.00e+00  5.39e+00    1.000000e+00   1.000000e+00   1.000000e+00   1.000000e+00   1.000000e+00   1.000000e+00
   4 2.8328551336e-01  -1.62e-02  5.39e-04    2.202950e-01  -1.101626e+00  -3.606282e-01  -4.663263e-01   5.014284e-02   6.583254e-01

After 4 iterations the fit converged.
final sum of squares of residuals : 0.283286
rel. change during last iteration : -1.62004e-07

degrees of freedom    (FIT_NDF)                        : 1
rms of residuals      (FIT_STDFIT) = sqrt(WSSR/ndf)    : 0.532246
variance of residuals (reduced chisquare) = WSSR/ndf   : 0.283286
p-value of the Chisq distribution (FIT_P)              : 0.594556

Final set of parameters            Asymptotic Standard Error
=======================            ==========================
a               = 0.220295         +/- 0.1476       (66.99%)
b               = -1.10163         +/- 0.2293       (20.82%)
c               = -0.360628        +/- 0.1945       (53.93%)
d               = -0.466326        +/- 0.1933       (41.45%)
e               = 0.0501428        +/- 0.1949       (388.8%)
g               = 0.658325         +/- 0.2675       (40.63%)

correlation matrix of the fit parameters:
                a      b      c      d      e      g      
a               1.000 
b               0.000  1.000 
c              -0.363  0.000  1.000 
d               0.000 -0.196  0.000  1.000 
e              -0.380 -0.000 -0.705 -0.000  1.000 
g              -0.000 -0.704 -0.000 -0.545  0.000  1.000 


*******************************************************************************
Tue Nov 26 12:23:06 2024


FIT:    data read from "chebdata" u 1:2:(sqrt(1.01-$1**2))
        format = x:z:s
        x range restricted to [-1.00000 : 1.00000]
        #datapoints = 7
function used for fitting: f(x)
	f(x)=a+b*x+c*(2*x**2-1)+d*(4*x**3-3*x)+e*(8*x**4-8*x**2+1)+g*(16*x**5-20*x**3+5*x)+h*(32*x**6-48*x**4+18*x**2-1)
fitted parameters initialized with current variable values

iter      chisq       delta/lim  lambda   a             b             c             d             e             g             h            
   0 6.4052149729e+03   0.00e+00  5.39e+00    1.000000e+00   1.000000e+00   1.000000e+00   1.000000e+00   1.000000e+00   1.000000e+00   1.000000e+00
  10 4.9795999430e-30   0.00e+00  5.39e+01    4.413822e-01  -1.101626e+00  -5.442263e-02  -4.663263e-01   1.343132e-02   6.583254e-01  -4.907639e-01

After 10 iterations the fit converged.
final sum of squares of residuals : 4.9796e-30
rel. change during last iteration : 0


Exactly as many data points as there are parameters.
In this degenerate case, all errors are zero by definition.

Final set of parameters 
======================= 

a               = 0.441382       
b               = -1.10163       
c               = -0.0544226     
d               = -0.466326      
e               = 0.0134313      
g               = 0.658325       
h               = -0.490764      


*******************************************************************************
Tue Nov 26 12:24:17 2024


FIT:    data read from 'oink'
        format = z
        #datapoints = 7
        residuals are weighted equally (unit weight)

function used for fitting: a+b*x+c*x**2+d*x**3+e*x**4+f*x**5+g*x**6
BREAK: Need via and either parameter list or file

*******************************************************************************
Tue Nov 26 12:24:24 2024


FIT:    data read from 'oink'
        format = z
        #datapoints = 7
        residuals are weighted equally (unit weight)

function used for fitting: a+b*x+c*x**2+d*x**3+e*x**4+f*x**5+g*x**6
fitted parameters initialized with current variable values

iter      chisq       delta/lim  lambda   a             b             c             d             e             f             g            
   0 6.0117568250e+09   0.00e+00  7.16e+03    1.000000e+00   1.000000e+00   1.000000e+00   1.000000e+00   1.000000e+00   1.000000e+00   1.000000e+00
  14 9.8196264877e-19   0.00e+00  7.16e+00    2.592800e+04   1.369083e+05  -2.578121e+05   1.634299e+05  -4.653302e+04   6.141813e+03  -3.069042e+02

After 14 iterations the fit converged.
final sum of squares of residuals : 9.81963e-19
rel. change during last iteration : 0


Exactly as many data points as there are parameters.
In this degenerate case, all errors are zero by definition.

Final set of parameters 
======================= 

a               = 25928          
b               = 136908         
c               = -257812        
d               = 163430         
e               = -46533         
f               = 6141.81        
g               = -306.904       


*******************************************************************************
Tue Nov 26 12:27:29 2024


FIT:    data read from 'oink'
        format = z
        #datapoints = 7
        residuals are weighted equally (unit weight)

function used for fitting: a+b*x+c*x**2+d*x**3+e*x**4+f*x**5+g*x**6
fitted parameters initialized with current variable values

iter      chisq       delta/lim  lambda   a             b             c             d             e             f             g            
   0 3.1359188930e+09   0.00e+00  1.57e+02    1.000000e+00   1.000000e+00   1.000000e+00   1.000000e+00   1.000000e+00   1.000000e+00   1.000000e+00
   9 6.9483171454e-23   0.00e+00  1.57e+00    2.850300e+04   1.704348e+04  -1.432570e+04  -7.931521e+03   4.162104e+03   6.175375e+02  -3.069042e+02

After 9 iterations the fit converged.
final sum of squares of residuals : 6.94832e-23
rel. change during last iteration : 0


Exactly as many data points as there are parameters.
In this degenerate case, all errors are zero by definition.

Final set of parameters 
======================= 

a               = 28503          
b               = 17043.5        
c               = -14325.7       
d               = -7931.52       
e               = 4162.1         
f               = 617.538        
g               = -306.904       


*******************************************************************************
Tue Nov 26 12:27:41 2024


FIT:    data read from 'oink'
        format = z
        #datapoints = 7
        residuals are weighted equally (unit weight)

function used for fitting: a+b*x+c*x**2+d*x**3+e*x**4+f*x**5+g*x**6
fitted parameters initialized with current variable values

iter      chisq       delta/lim  lambda   a             b             c             d             e             f             g            
   0 6.0117568250e+09   0.00e+00  7.16e+03    1.000000e+00   1.000000e+00   1.000000e+00   1.000000e+00   1.000000e+00   1.000000e+00   1.000000e+00
  14 9.8196264877e-19   0.00e+00  7.16e+00    2.592800e+04   1.369083e+05  -2.578121e+05   1.634299e+05  -4.653302e+04   6.141813e+03  -3.069042e+02

After 14 iterations the fit converged.
final sum of squares of residuals : 9.81963e-19
rel. change during last iteration : 0


Exactly as many data points as there are parameters.
In this degenerate case, all errors are zero by definition.

Final set of parameters 
======================= 

a               = 25928          
b               = 136908         
c               = -257812        
d               = 163430         
e               = -46533         
f               = 6141.81        
g               = -306.904       


*******************************************************************************
Tue Nov 26 12:40:09 2024


FIT:    data read from "chebdata" u 1:2:(sqrt(1.01-$1**2))
        format = x:z:s
        x range restricted to [-1.00000 : 1.00000]
BREAK: No data to fit

*******************************************************************************
Tue Nov 26 12:40:12 2024


FIT:    data read from "chebdata" u 1:2:(sqrt(1.01-$1**2))
        format = x:z:s
        x range restricted to [-1.00000 : 1.00000]
BREAK: No data to fit

*******************************************************************************
Wed Nov 27 10:33:15 2024


FIT:    data read from "tuut" u 2:1
        format = x:z
        #datapoints = 12
        residuals are weighted equally (unit weight)

function used for fitting: f(x)
	f(x)=1/2.*(1+erf((x-m)/s/sqrt(2)))
fitted parameters initialized with current variable values

  21 2.5484318254e-02  -3.63e-02  2.59e-05    1.726117e-01   1.201967e-01

After 21 iterations the fit converged.
final sum of squares of residuals : 0.0254843
rel. change during last iteration : -3.62551e-07

degrees of freedom    (FIT_NDF)                        : 10
rms of residuals      (FIT_STDFIT) = sqrt(WSSR/ndf)    : 0.050482
variance of residuals (reduced chisquare) = WSSR/ndf   : 0.00254843

Final set of parameters            Asymptotic Standard Error
=======================            ==========================
m               = 0.172612         +/- 0.005782     (3.35%)
s               = 0.120197         +/- 0.009653     (8.031%)

correlation matrix of the fit parameters:
                m      s      
m               1.000 
s               0.121  1.000 


*******************************************************************************
Thu Nov 28 11:47:45 2024


FIT:    data read from "tuut" u 2:1
        format = x:z
        #datapoints = 12
        residuals are weighted equally (unit weight)

function used for fitting: f(x)
	f(x)=1/2.*(1+erf((x-m)/s/sqrt(2)))
fitted parameters initialized with current variable values

  13 2.4502386788e-02  -8.41e-01  2.22e-04   -1.612471e-01   7.279046e-02

After 13 iterations the fit converged.
final sum of squares of residuals : 0.0245024
rel. change during last iteration : -8.41067e-06

degrees of freedom    (FIT_NDF)                        : 10
rms of residuals      (FIT_STDFIT) = sqrt(WSSR/ndf)    : 0.0494999
variance of residuals (reduced chisquare) = WSSR/ndf   : 0.00245024

Final set of parameters            Asymptotic Standard Error
=======================            ==========================
m               = -0.161247        +/- 0.003513     (2.179%)
s               = 0.0727905        +/- 0.006042     (8.3%)

correlation matrix of the fit parameters:
                m      s      
m               1.000 
s               0.192  1.000 


*******************************************************************************
Thu Nov 28 12:49:40 2024


FIT:    data read from "tuut" u 2:1
        format = x:z
        #datapoints = 12
        residuals are weighted equally (unit weight)

function used for fitting: f(x)
	f(x)=1/2.*(1+erf((x-m)/s/sqrt(2)))
fitted parameters initialized with current variable values

  25 3.3448325239e-02  -6.44e-02  2.44e-06    3.363020e-02   1.601418e-01

After 25 iterations the fit converged.
final sum of squares of residuals : 0.0334483
rel. change during last iteration : -6.4424e-07

degrees of freedom    (FIT_NDF)                        : 10
rms of residuals      (FIT_STDFIT) = sqrt(WSSR/ndf)    : 0.0578345
variance of residuals (reduced chisquare) = WSSR/ndf   : 0.00334483

Final set of parameters            Asymptotic Standard Error
=======================            ==========================
m               = 0.0336302        +/- 0.008781     (26.11%)
s               = 0.160142         +/- 0.01351      (8.434%)

correlation matrix of the fit parameters:
                m      s      
m               1.000 
s              -0.054  1.000 
